<?xml version="1.0" encoding="UTF-8"?>
<!-- Generated by org.testng.reporters.JUnitReportReporter -->
<testsuite hostname="LAPTOP-G9RE70VK" failures="0" tests="1" name="ResponseValidation.DynamicResponseValidation" time="1.730" errors="0" timestamp="2022-09-26T21:21:52 IST" skipped="0">
  <testcase classname="ResponseValidation.DynamicResponseValidation" name="dynamicrsponse" time="1.730"/>
  <system-out/>
</testsuite> <!-- ResponseValidation.DynamicResponseValidation -->
