<?xml version="1.0" encoding="UTF-8"?>
<!-- Generated by org.testng.reporters.JUnitReportReporter -->
<testsuite hostname="LAPTOP-G9RE70VK" failures="0" tests="1" name="com.BDDCRUDoperation.UpdateOperationTest" time="1.718" errors="0" timestamp="2022-09-23T19:31:27 IST" skipped="0">
  <testcase classname="com.BDDCRUDoperation.UpdateOperationTest" name="update" time="1.718"/>
  <system-out/>
</testsuite> <!-- com.BDDCRUDoperation.UpdateOperationTest -->
