<?xml version="1.0" encoding="UTF-8"?>
<!-- Generated by org.testng.reporters.JUnitReportReporter -->
<testsuite hostname="LAPTOP-G9RE70VK" failures="0" tests="1" name="BasicCURDOperation.GetAllProject" time="1.403" errors="0" timestamp="2022-09-23T12:31:00 IST" skipped="0">
  <testcase classname="BasicCURDOperation.GetAllProject" name="getallproject" time="1.403"/>
  <system-out/>
</testsuite> <!-- BasicCURDOperation.GetAllProject -->
