<?xml version="1.0" encoding="UTF-8"?>
<!-- Generated by org.testng.reporters.JUnitReportReporter -->
<testsuite hostname="LAPTOP-G9RE70VK" failures="0" tests="1" name="ResponseValidation.ResponstIMEValidation" time="1.180" errors="0" timestamp="2022-09-26T21:38:03 IST" skipped="0">
  <testcase classname="ResponseValidation.ResponstIMEValidation" name="respotime" time="1.180"/>
  <system-out/>
</testsuite> <!-- ResponseValidation.ResponstIMEValidation -->
