<?xml version="1.0" encoding="UTF-8"?>
<!-- Generated by org.testng.reporters.JUnitReportReporter -->
<testsuite hostname="LAPTOP-G9RE70VK" failures="0" tests="1" name="com.BDDCRUDoperation.DeleteProjectTest" time="1.469" errors="0" timestamp="2022-09-23T19:37:02 IST" skipped="0">
  <testcase classname="com.BDDCRUDoperation.DeleteProjectTest" name="delete" time="1.469"/>
  <system-out/>
</testsuite> <!-- com.BDDCRUDoperation.DeleteProjectTest -->
