<?xml version="1.0" encoding="UTF-8"?>
<!-- Generated by org.testng.reporters.JUnitReportReporter -->
<testsuite hostname="LAPTOP-G9RE70VK" failures="0" tests="1" name="RequestChaining.PostGetDelete" time="2.306" errors="0" timestamp="2022-09-28T14:00:00 IST" skipped="0">
  <testcase classname="RequestChaining.PostGetDelete" name="postgetdelete" time="2.306"/>
  <system-out/>
</testsuite> <!-- RequestChaining.PostGetDelete -->
