<?xml version="1.0" encoding="UTF-8"?>
<!-- Generated by org.testng.reporters.JUnitReportReporter -->
<testsuite hostname="LAPTOP-G9RE70VK" failures="0" tests="1" name="GitParameterTest.ParameterTestForGit" time="2.895" errors="0" timestamp="2022-09-28T13:13:53 IST" skipped="0">
  <testcase classname="GitParameterTest.ParameterTestForGit" name="paramtestgit" time="2.895"/>
  <system-out/>
</testsuite> <!-- GitParameterTest.ParameterTestForGit -->
