<?xml version="1.0" encoding="UTF-8"?>
<!-- Generated by org.testng.reporters.JUnitReportReporter -->
<testsuite hostname="LAPTOP-G9RE70VK" failures="0" tests="11" name="DiffrentWayToPost.CreateMultipleProjectWithDiffDataDataDriven" time="1.796" errors="0" timestamp="2022-09-26T22:09:25 IST" skipped="0">
  <testcase classname="DiffrentWayToPost.CreateMultipleProjectWithDiffDataDataDriven" name="datadriven" time="0.025"/>
  <system-out/>
  <testcase classname="DiffrentWayToPost.CreateMultipleProjectWithDiffDataDataDriven" name="datadriven" time="0.018"/>
  <system-out/>
  <testcase classname="DiffrentWayToPost.CreateMultipleProjectWithDiffDataDataDriven" name="datadriven" time="0.038"/>
  <system-out/>
  <testcase classname="DiffrentWayToPost.CreateMultipleProjectWithDiffDataDataDriven" name="datadriven" time="0.029"/>
  <system-out/>
  <testcase classname="DiffrentWayToPost.CreateMultipleProjectWithDiffDataDataDriven" name="datadriven" time="0.029"/>
  <system-out/>
  <testcase classname="DiffrentWayToPost.CreateMultipleProjectWithDiffDataDataDriven" name="datadriven" time="0.018"/>
  <system-out/>
  <testcase classname="DiffrentWayToPost.CreateMultipleProjectWithDiffDataDataDriven" name="datadriven" time="0.034"/>
  <system-out/>
  <testcase classname="DiffrentWayToPost.CreateMultipleProjectWithDiffDataDataDriven" name="datadriven" time="0.028"/>
  <system-out/>
  <testcase classname="DiffrentWayToPost.CreateMultipleProjectWithDiffDataDataDriven" name="datadriven" time="0.020"/>
  <system-out/>
  <testcase classname="DiffrentWayToPost.CreateMultipleProjectWithDiffDataDataDriven" name="datadriven" time="0.026"/>
  <system-out/>
  <testcase classname="DiffrentWayToPost.CreateMultipleProjectWithDiffDataDataDriven" name="datadriven" time="1.531"/>
  <system-out/>
</testsuite> <!-- DiffrentWayToPost.CreateMultipleProjectWithDiffDataDataDriven -->
