<?xml version="1.0" encoding="UTF-8"?>
<!-- Generated by org.testng.reporters.JUnitReportReporter -->
<testsuite hostname="LAPTOP-G9RE70VK" failures="0" tests="1" name="ResponseValidation.StaticResponseValidation" time="1.777" errors="0" timestamp="2022-09-26T20:39:18 IST" skipped="0">
  <testcase classname="ResponseValidation.StaticResponseValidation" name="staticresponsevalidation" time="1.777"/>
  <system-out/>
</testsuite> <!-- ResponseValidation.StaticResponseValidation -->
