<?xml version="1.0" encoding="UTF-8"?>
<!-- Generated by org.testng.reporters.JUnitReportReporter -->
<testsuite hostname="LAPTOP-G9RE70VK" failures="0" tests="1" name="Authentication.BearerToken" time="4.618" errors="0" timestamp="2022-09-28T15:31:43 IST" skipped="0">
  <testcase classname="Authentication.BearerToken" name="breartoken" time="4.618"/>
  <system-out/>
</testsuite> <!-- Authentication.BearerToken -->
