<?xml version="1.0" encoding="UTF-8"?>
<!-- Generated by org.testng.reporters.JUnitReportReporter -->
<testsuite hostname="LAPTOP-G9RE70VK" failures="0" tests="1" name="BasicCURDOperation.PutoperationTest" time="1.849" errors="0" timestamp="2022-09-23T13:05:33 IST" skipped="0">
  <testcase classname="BasicCURDOperation.PutoperationTest" name="putoperation" time="1.849"/>
  <system-out/>
</testsuite> <!-- BasicCURDOperation.PutoperationTest -->
