<?xml version="1.0" encoding="UTF-8"?>
<!-- Generated by org.testng.reporters.JUnitReportReporter -->
<testsuite hostname="LAPTOP-G9RE70VK" failures="0" tests="1" name="RequestChaining.PostUpdateGetDelete" time="2.293" errors="0" timestamp="2022-09-28T14:37:13 IST" skipped="0">
  <testcase classname="RequestChaining.PostUpdateGetDelete" name="postupdatgetdelete" time="2.293"/>
  <system-out/>
</testsuite> <!-- RequestChaining.PostUpdateGetDelete -->
