<?xml version="1.0" encoding="UTF-8"?>
<!-- Generated by org.testng.reporters.JUnitReportReporter -->
<testsuite hostname="LAPTOP-G9RE70VK" failures="0" tests="3" name="Authentication.BasicAuthorization" time="2.190" errors="0" timestamp="2022-09-28T15:20:29 IST" skipped="0">
  <testcase classname="Authentication.BasicAuthorization" name="basicauth" time="0.138"/>
  <system-out/>
  <testcase classname="Authentication.BasicAuthorization" name="basicDigestiveAuth" time="0.265"/>
  <system-out/>
  <testcase classname="Authentication.BasicAuthorization" name="basiPreemptiveAuth" time="1.787"/>
  <system-out/>
</testsuite> <!-- Authentication.BasicAuthorization -->
