<?xml version="1.0" encoding="UTF-8"?>
<!-- Generated by org.testng.reporters.JUnitReportReporter -->
<testsuite hostname="LAPTOP-G9RE70VK" failures="0" tests="1" name="BasicCURDOperation.DeleteTest" time="1.223" errors="0" timestamp="2022-09-23T13:07:00 IST" skipped="0">
  <testcase classname="BasicCURDOperation.DeleteTest" name="deletetest" time="1.223"/>
  <system-out/>
</testsuite> <!-- BasicCURDOperation.DeleteTest -->
