<?xml version="1.0" encoding="UTF-8"?>
<!-- Generated by org.testng.reporters.JUnitReportReporter -->
<testsuite hostname="LAPTOP-G9RE70VK" failures="0" tests="1" name="Authentication.Oauth2_0Authentication" time="2.802" errors="0" timestamp="2022-09-28T16:35:52 IST" skipped="0">
  <testcase classname="Authentication.Oauth2_0Authentication" name="oauthAuthentication" time="2.802"/>
  <system-out/>
</testsuite> <!-- Authentication.Oauth2_0Authentication -->
