<?xml version="1.0" encoding="UTF-8"?>
<!-- Generated by org.testng.reporters.JUnitReportReporter -->
<testsuite hostname="LAPTOP-G9RE70VK" failures="0" tests="1" name="Parameter.QueryParameter" time="2.992" errors="0" timestamp="2022-09-28T12:54:34 IST" skipped="0">
  <testcase classname="Parameter.QueryParameter" name="queryparam" time="2.992"/>
  <system-out/>
</testsuite> <!-- Parameter.QueryParameter -->
