<?xml version="1.0" encoding="UTF-8"?>
<!-- Generated by org.testng.reporters.JUnitReportReporter -->
<testsuite hostname="LAPTOP-G9RE70VK" failures="0" tests="1" name="com.BDDCRUDoperation.CreateProjectTest" time="1.939" errors="0" timestamp="2022-09-23T19:32:25 IST" skipped="0">
  <testcase classname="com.BDDCRUDoperation.CreateProjectTest" name="createprojecttest" time="1.939"/>
  <system-out/>
</testsuite> <!-- com.BDDCRUDoperation.CreateProjectTest -->
