<?xml version="1.0" encoding="UTF-8"?>
<!-- Generated by org.testng.reporters.JUnitReportReporter -->
<testsuite hostname="LAPTOP-G9RE70VK" failures="0" tests="1" name="DiffrentWayToPost.CreateProjectUsingJsonObject" time="1.727" errors="0" timestamp="2022-09-23T19:47:40 IST" skipped="0">
  <testcase classname="DiffrentWayToPost.CreateProjectUsingJsonObject" name="jsonobject" time="1.727"/>
  <system-out/>
</testsuite> <!-- DiffrentWayToPost.CreateProjectUsingJsonObject -->
