<?xml version="1.0" encoding="UTF-8"?>
<!-- Generated by org.testng.reporters.JUnitReportReporter -->
<testsuite hostname="LAPTOP-G9RE70VK" failures="0" tests="1" name="com.BDDCRUDoperation.BDDgetoperation" time="1.410" errors="0" timestamp="2022-09-23T19:20:47 IST" skipped="0">
  <testcase classname="com.BDDCRUDoperation.BDDgetoperation" name="bddgetoperation" time="1.410"/>
  <system-out/>
</testsuite> <!-- com.BDDCRUDoperation.BDDgetoperation -->
