<?xml version="1.0" encoding="UTF-8"?>
<!-- Generated by org.testng.reporters.JUnitReportReporter -->
<testsuite hostname="LAPTOP-G9RE70VK" failures="0" tests="1" name="DiffrentWayToPost.CreateProjectUsingJSONfile" time="1.372" errors="0" timestamp="2022-09-23T20:03:49 IST" skipped="0">
  <testcase classname="DiffrentWayToPost.CreateProjectUsingJSONfile" name="jsonfile" time="1.372"/>
  <system-out/>
</testsuite> <!-- DiffrentWayToPost.CreateProjectUsingJSONfile -->
