<?xml version="1.0" encoding="UTF-8"?>
<!-- Generated by org.testng.reporters.JUnitReportReporter -->
<testsuite hostname="LAPTOP-G9RE70VK" failures="0" tests="1" name="RequestChaining.CreateProjectAndGetProject" time="2.531" errors="0" timestamp="2022-09-28T13:33:05 IST" skipped="0">
  <testcase classname="RequestChaining.CreateProjectAndGetProject" name="requestchaining" time="2.531"/>
  <system-out/>
</testsuite> <!-- RequestChaining.CreateProjectAndGetProject -->
