<?xml version="1.0" encoding="UTF-8"?>
<!-- Generated by org.testng.reporters.JUnitReportReporter -->
<testsuite hostname="LAPTOP-G9RE70VK" failures="0" tests="1" name="BasicCURDOperation.demotest" time="1.555" errors="0" timestamp="2022-09-23T13:34:16 IST" skipped="0">
  <testcase classname="BasicCURDOperation.demotest" name="demo" time="1.555"/>
  <system-out/>
</testsuite> <!-- BasicCURDOperation.demotest -->
