<?xml version="1.0" encoding="UTF-8"?>
<!-- Generated by org.testng.reporters.JUnitReportReporter -->
<testsuite hostname="LAPTOP-G9RE70VK" failures="0" tests="1" name="Parameter.UsingPathPrameter" time="1.402" errors="0" timestamp="2022-09-28T12:49:19 IST" skipped="0">
  <testcase classname="Parameter.UsingPathPrameter" name="pathparam" time="1.402"/>
  <system-out/>
</testsuite> <!-- Parameter.UsingPathPrameter -->
