<?xml version="1.0" encoding="UTF-8"?>
<!-- Generated by org.testng.reporters.JUnitReportReporter -->
<testsuite hostname="LAPTOP-G9RE70VK" failures="0" tests="1" name="BasicCURDOperation.CreateProjectTest" time="1.649" errors="0" timestamp="2022-09-23T12:07:01 IST" skipped="0">
  <testcase classname="BasicCURDOperation.CreateProjectTest" name="createproject" time="1.649"/>
  <system-out/>
</testsuite> <!-- BasicCURDOperation.CreateProjectTest -->
