<?xml version="1.0" encoding="UTF-8"?>
<!-- Generated by org.testng.reporters.JUnitReportReporter -->
<testsuite hostname="LAPTOP-G9RE70VK" failures="0" tests="1" name="DiffrentWayToPost.CreateProjectUsingPOJO" time="1.532" errors="0" timestamp="2022-09-26T10:54:11 IST" skipped="0">
  <testcase classname="DiffrentWayToPost.CreateProjectUsingPOJO" name="usingpojo" time="1.532"/>
  <system-out/>
</testsuite> <!-- DiffrentWayToPost.CreateProjectUsingPOJO -->
