<?xml version="1.0" encoding="UTF-8"?>
<!-- Generated by org.testng.reporters.JUnitReportReporter -->
<testsuite hostname="LAPTOP-G9RE70VK" failures="0" tests="1" name="DiffrentWayToPost.CreateProjectUsingHashMap" time="1.820" errors="0" timestamp="2022-09-26T10:52:12 IST" skipped="0">
  <testcase classname="DiffrentWayToPost.CreateProjectUsingHashMap" name="hashmap" time="1.820"/>
  <system-out/>
</testsuite> <!-- DiffrentWayToPost.CreateProjectUsingHashMap -->
